TN:
SF:src\client\js\formHandler.js
FN:15,handleSubmit
FN:34,(anonymous_1)
FN:35,(anonymous_2)
FN:43,(anonymous_3)
FNF:4
FNH:4
FNDA:2,handleSubmit
FNDA:1,(anonymous_1)
FNDA:1,(anonymous_2)
FNDA:1,(anonymous_3)
DA:6,1
DA:8,1
DA:16,2
DA:19,2
DA:22,2
DA:23,1
DA:26,1
DA:34,1
DA:36,1
DA:38,1
DA:39,0
DA:40,0
DA:41,0
DA:43,1
DA:45,1
DA:46,1
LF:16
LH:13
BRDA:22,0,0,1
BRDA:22,0,1,1
BRF:2
BRH:2
end_of_record
TN:
SF:src\client\js\urlChecker.js
FN:1,checkForUrl
FNF:1
FNH:1
FNDA:2,checkForUrl
DA:2,2
DA:3,2
LF:2
LH:2
BRF:0
BRH:0
end_of_record
